{"name": "Создание заказа без авторизации", "status": "failed", "statusDetails": {"message": "AssertionError: assert 400 in [401, 403, 200]\n +  where 400 = <Response [400]>.status_code", "trace": "self = <tests.test_order_creation.TestOrderCreation object at 0x000001B25D8DCE10>\n\n    @allure.title(\"Создание заказа без авторизации\")\n    @allure.description(\"Проверка возможности создания заказа без авторизации\")\n    def test_create_order_without_auth(self):\n        \"\"\"Создание заказа без авторизации.\"\"\"\n        # Пример ингредиентов (реальные значения могут отличаться)\n        order_data = {\n            \"ingredients\": [\n                \"60d3b41abdacab002a4bfe1a\",  # Пример ID ингредиента\n                \"60d3b41abdacab002a4bfe1b\",  # Пример ID ингредиента\n                \"60d3b41abdacab002a4bfe1c\"   # Пример ID ингредиента\n            ]\n        }\n    \n        # Отправка запроса на создание заказа без авторизации\n        with allure.step(\"Отправка POST запроса на создание заказа без авторизации\"):\n            response = self.client.post(\"/api/orders\", json=order_data)\n    \n        # Проверка результата\n        with allure.step(\"Проверка статус кода и данных ответа\"):\n            # В зависимости от реализации API, может быть разный результат\n            # Обычно без авторизации создать заказ нельзя\n>           assert response.status_code in [401, 403, 200]\nE           assert 400 in [401, 403, 200]\nE            +  where 400 = <Response [400]>.status_code\n\ntests\\test_order_creation.py:75: AssertionError"}, "description": "Проверка возможности создания заказа без авторизации", "steps": [{"name": "Отправка POST запроса на создание заказа без авторизации", "status": "passed", "start": 1764424920416, "stop": 1764424920571}, {"name": "Проверка статус кода и данных ответа", "status": "failed", "statusDetails": {"message": "AssertionError: assert 400 in [401, 403, 200]\n +  where 400 = <Response [400]>.status_code\n", "trace": "  File \"C:\\Users\\User\\Desktop\\Новая папка\\Diplom_2\\tests\\test_order_creation.py\", line 75, in test_create_order_without_auth\n    assert response.status_code in [401, 403, 200]\n"}, "start": 1764424920571, "stop": 1764424920571}], "start": 1764424920416, "stop": 1764424920571, "uuid": "896a9c77-71f4-4ccc-8be6-81b3a2b27d29", "historyId": "c57d792e3a6182003fe9f65f0bd98848", "testCaseId": "c57d792e3a6182003fe9f65f0bd98848", "fullName": "tests.test_order_creation.TestOrderCreation#test_create_order_without_auth", "labels": [{"name": "parentSuite", "value": "tests"}, {"name": "suite", "value": "test_order_creation"}, {"name": "subSuite", "value": "TestOrderCreation"}, {"name": "host", "value": "WIN-Q1UI8T7AU77"}, {"name": "thread", "value": "82964-MainThread"}, {"name": "framework", "value": "pytest"}, {"name": "language", "value": "cpython3"}, {"name": "package", "value": "tests.test_order_creation"}]}