{"name": "Создание пользователя без заполнения обязательного поля", "status": "failed", "statusDetails": {"message": "AssertionError: assert 403 == 400\n +  where 403 = <Response [403]>.status_code", "trace": "self = <tests.test_user_creation.TestUserCreation object at 0x000001B25D8F1370>\nmissing_field = 'name'\n\n    @allure.title(\"Создание пользователя без заполнения обязательного поля\")\n    @allure.description(\"Проверка невозможности создания пользователя без заполнения обязательных полей\")\n    @pytest.mark.parametrize(\"missing_field\", [\"email\", \"password\", \"name\"])\n    def test_create_user_without_required_field(self, missing_field):\n        \"\"\"Создание пользователя и не заполнение одного из обязательных полей.\"\"\"\n        # Генерация данных пользователя\n        user_data = generate_user_data()\n    \n        # Удаление одного из обязательных полей\n        user_data.pop(missing_field)\n    \n        # Отправка запроса на создание пользователя\n        with allure.step(f\"Отправка POST запроса на создание пользователя без поля {missing_field}\"):\n            response = self.client.post(\"/api/auth/register\", json=user_data)\n    \n        # Проверка результата\n        with allure.step(\"Проверка статус кода и сообщения об ошибке\"):\n>           assert response.status_code == 400  # или другой код ошибки\nE           assert 403 == 400\nE            +  where 403 = <Response [403]>.status_code\n\ntests\\test_user_creation.py:79: AssertionError"}, "description": "Проверка невозможности создания пользователя без заполнения обязательных полей", "steps": [{"name": "Отправка POST запроса на создание пользователя без поля name", "status": "passed", "start": 1764424925654, "stop": 1764424926897}, {"name": "Проверка статус кода и сообщения об ошибке", "status": "failed", "statusDetails": {"message": "AssertionError: assert 403 == 400\n +  where 403 = <Response [403]>.status_code\n", "trace": "  File \"C:\\Users\\User\\Desktop\\Новая папка\\Diplom_2\\tests\\test_user_creation.py\", line 79, in test_create_user_without_required_field\n    assert response.status_code == 400  # или другой код ошибки\n    ^^^^^^^^^^^^^^^^^^^^^^^^^^^^^^^^^^\n"}, "start": 1764424926897, "stop": 1764424926897}], "parameters": [{"name": "missing_field", "value": "'name'"}], "start": 1764424925654, "stop": 1764424926898, "uuid": "ea9f1b75-3a8f-41b2-a648-b96fd675cba2", "historyId": "ed1d4acb17cfd06fbbd69e85672c828e", "testCaseId": "c710ad39e59feae569f8a303c38a6079", "fullName": "tests.test_user_creation.TestUserCreation#test_create_user_without_required_field", "labels": [{"name": "parentSuite", "value": "tests"}, {"name": "suite", "value": "test_user_creation"}, {"name": "subSuite", "value": "TestUserCreation"}, {"name": "host", "value": "WIN-Q1UI8T7AU77"}, {"name": "thread", "value": "82964-MainThread"}, {"name": "framework", "value": "pytest"}, {"name": "language", "value": "cpython3"}, {"name": "package", "value": "tests.test_user_creation"}]}