{"name": "Создание заказа с авторизацией", "status": "failed", "statusDetails": {"message": "AssertionError: assert 400 == 200\n +  where 400 = <Response [400]>.status_code", "trace": "self = <tests.test_order_creation.TestOrderCreation object at 0x000001B25D8DCCD0>\n\n    @allure.title(\"Создание заказа с авторизацией\")\n    @allure.description(\"Проверка возможности создания заказа авторизованным пользователем\")\n    def test_create_order_with_auth(self):\n        \"\"\"Создание заказа с авторизацией.\"\"\"\n        if not self.access_token:\n            pytest.skip(\"Не удалось создать тестового пользователя\")\n    \n        # Пример ингредиентов (реальные значения могут отличаться)\n        order_data = {\n            \"ingredients\": [\n                \"60d3b41abdacab002a4bfe1a\",  # Пример ID ингредиента\n                \"60d3b41abdacab002a4bfe1b\",  # Пример ID ингредиента\n                \"60d3b41abdacab002a4bfe1c\"   # Пример ID ингредиента\n            ]\n        }\n    \n        # Отправка запроса на создание заказа с авторизацией\n        headers = {\"Authorization\": self.access_token}\n        with allure.step(\"Отправка POST запроса на создание заказа с авторизацией\"):\n            response = self.client.post(\"/api/orders\", json=order_data, headers=headers)\n    \n        # Проверка результата\n        with allure.step(\"Проверка статус кода и данных ответа\"):\n>           assert response.status_code == 200\nE           assert 400 == 200\nE            +  where 400 = <Response [400]>.status_code\n\ntests\\test_order_creation.py:48: AssertionError"}, "description": "Проверка возможности создания заказа авторизованным пользователем", "steps": [{"name": "Отправка POST запроса на создание заказа с авторизацией", "status": "passed", "start": 1764424919392, "stop": 1764424919554}, {"name": "Проверка статус кода и данных ответа", "status": "failed", "statusDetails": {"message": "AssertionError: assert 400 == 200\n +  where 400 = <Response [400]>.status_code\n", "trace": "  File \"C:\\Users\\User\\Desktop\\Новая папка\\Diplom_2\\tests\\test_order_creation.py\", line 48, in test_create_order_with_auth\n    assert response.status_code == 200\n"}, "start": 1764424919554, "stop": 1764424919554}], "start": 1764424919392, "stop": 1764424919555, "uuid": "a3f5965b-94a3-4e55-9a42-74fdbd85a3d4", "historyId": "9300ae55c8a9b21fbe5186691f2035dd", "testCaseId": "9300ae55c8a9b21fbe5186691f2035dd", "fullName": "tests.test_order_creation.TestOrderCreation#test_create_order_with_auth", "labels": [{"name": "parentSuite", "value": "tests"}, {"name": "suite", "value": "test_order_creation"}, {"name": "subSuite", "value": "TestOrderCreation"}, {"name": "host", "value": "WIN-Q1UI8T7AU77"}, {"name": "thread", "value": "82964-MainThread"}, {"name": "framework", "value": "pytest"}, {"name": "language", "value": "cpython3"}, {"name": "package", "value": "tests.test_order_creation"}]}